<?xml version="1.0" encoding="UTF-8"?>
<!-- Generated by org.testng.reporters.JUnitReportReporter -->
<testsuite hostname="DIKSHANT" failures="0" tests="1" name="OrangeHrm.Axis.Job" time="24.608" errors="0" timestamp="2024-02-29T21:51:30 IST" skipped="0">
  <testcase classname="OrangeHrm.Axis.Job" name="Log" time="24.608"/>
  <system-out/>
</testsuite> <!-- OrangeHrm.Axis.Job -->
