<?xml version="1.0" encoding="UTF-8"?>
<!-- Generated by org.testng.reporters.JUnitReportReporter -->
<testsuite hostname="DIKSHANT" failures="0" tests="1" name="OrangeHrm.Axis.Login" time="20.775" errors="0" timestamp="2024-02-29T11:51:32 IST" skipped="0">
  <testcase classname="OrangeHrm.Axis.Login" name="InvokeLogin" time="20.775"/>
  <system-out/>
</testsuite> <!-- OrangeHrm.Axis.Login -->
