<?xml version="1.0" encoding="UTF-8"?>
<!-- Generated by org.testng.reporters.JUnitReportReporter -->
<testsuite hostname="DIKSHANT" failures="0" tests="1" name="OrangeHrm.Axis.Immigration" time="26.892" errors="0" timestamp="2024-02-29T21:51:30 IST" skipped="0">
  <testcase classname="OrangeHrm.Axis.Immigration" name="Log" time="26.892"/>
  <system-out/>
</testsuite> <!-- OrangeHrm.Axis.Immigration -->
